app/build/outputs/logs/manifest-merger-debug-report.txt
-- Merging decision tree log ---
manifest
ADDED from src\main\AndroidManifest.xml:18:1-80:12
INJECTED from src\main\AndroidManifest.xml:18:1-80:12
INJECTED from src\main\AndroidManifest.xml:18:1-80:12
MERGED from [:aidl] AndroidManifest.xml:2:1-17:12
MERGED from [com.android.support:appcompat-v7:27.1.1] AndroidManifest.xml:17:1-22:12
MERGED from [com.android.support:support-fragment:27.1.1] AndroidManifest.xml:17:1-22:12
MERGED from [com.android.support:animated-vector-drawable:27.1.1] AndroidManifest.xml:17:1-22:12
MERGED from [com.android.support:support-core-ui:27.1.1] AndroidManifest.xml:17:1-22:12
MERGED from [com.android.support:support-core-utils:27.1.1] AndroidManifest.xml:17:1-22:12
MERGED from [com.android.support:support-vector-drawable:27.1.1] AndroidManifest.xml:17:1-22:12
MERGED from [com.android.support:support-compat:27.1.1] AndroidManifest.xml:17:1-22:12
MERGED from [android.arch.lifecycle:livedata-core:1.1.0] AndroidManifest.xml:17:1-22:12
MERGED from [android.arch.lifecycle:viewmodel:1.1.0] AndroidManifest.xml:17:1-22:12
MERGED from [android.arch.lifecycle:runtime:1.1.0] AndroidManifest.xml:17:1-22:12
MERGED from [android.arch.core:runtime:1.1.0] AndroidManifest.xml:17:1-22:12
INJECTED from src\main\AndroidManifest.xml:18:1-80:12
INJECTED from src\main\AndroidManifest.xml:18:1-80:12
	package
		ADDED from src\main\AndroidManifest.xml:20:5-37
	android:versionName
		ADDED from src\main\AndroidManifest.xml:22:5-30
		INJECTED from src\main\AndroidManifest.xml
		INJECTED from src\main\AndroidManifest.xml
	xmlns:tools
		ADDED from src\main\AndroidManifest.xml:19:5-51
	xmlns:android
		ADDED from src\main\AndroidManifest.xml:18:11-69
	android:versionCode
		ADDED from src\main\AndroidManifest.xml:21:5-28
		INJECTED from src\main\AndroidManifest.xml
		INJECTED from src\main\AndroidManifest.xml
uses-feature#android.hardware.bluetooth_le
ADDED from src\main\AndroidManifest.xml:31:5-89
	android:required
		ADDED from src\main\AndroidManifest.xml:31:64-87
	android:name
		ADDED from src\main\AndroidManifest.xml:31:19-63
uses-permission#android.permission.BLUETOOTH
ADDED from src\main\AndroidManifest.xml:33:5-67
	android:name
		ADDED from src\main\AndroidManifest.xml:33:22-65
uses-permission#android.permission.BLUETOOTH_ADMIN
ADDED from src\main\AndroidManifest.xml:34:5-73
	android:name
		ADDED from src\main\AndroidManifest.xml:34:22-71
uses-permission#android.permission.ACCESS_COARSE_LOCATION
ADDED from src\main\AndroidManifest.xml:35:5-80
	android:name
		ADDED from src\main\AndroidManifest.xml:35:22-78
uses-permission#android.permission.ACCESS_FINE_LOCATION
ADDED from src\main\AndroidManifest.xml:36:5-78
	android:name
		ADDED from src\main\AndroidManifest.xml:36:22-76
uses-permission#android.permission.BLUETOOTH_PRIVILEGED
ADDED from src\main\AndroidManifest.xml:37:5-79
	android:name
		ADDED from src\main\AndroidManifest.xml:37:22-76
uses-permission#android.permission.RECEIVE_BOOT_COMPLETED
ADDED from src\main\AndroidManifest.xml:38:5-80
	android:name
		ADDED from src\main\AndroidManifest.xml:38:22-78
application
ADDED from src\main\AndroidManifest.xml:40:5-78:19
MERGED from [:aidl] AndroidManifest.xml:11:5-15:19
MERGED from [:aidl] AndroidManifest.xml:11:5-15:19
	android:supportsRtl
		ADDED from src\main\AndroidManifest.xml:43:9-35
	android:label
		ADDED from src\main\AndroidManifest.xml:42:9-41
	tools:ignore
		ADDED from src\main\AndroidManifest.xml:46:9-48
	android:persistent
		ADDED from src\main\AndroidManifest.xml:45:9-34
	android:allowBackup
		ADDED from src\main\AndroidManifest.xml:41:9-35
	android:theme
		ADDED from src\main\AndroidManifest.xml:44:9-40
activity#com.android.NanoServer.NanoBluetoothLeService
ADDED from src\main\AndroidManifest.xml:48:9-56:20
	android:name
		ADDED from src\main\AndroidManifest.xml:49:13-73
intent-filter#action:name:android.intent.action.MAIN+category:name:android.intent.category.LAUNCHER+data:host:sheldon.aidl+data:pathPrefix:/openwith+data:scheme:com.android.example
ADDED from src\main\AndroidManifest.xml:50:13-55:29
action#android.intent.action.MAIN
ADDED from src\main\AndroidManifest.xml:51:17-69
	android:name
		ADDED from src\main\AndroidManifest.xml:51:25-66
category#android.intent.category.LAUNCHER
ADDED from src\main\AndroidManifest.xml:52:17-77
	android:name
		ADDED from src\main\AndroidManifest.xml:52:27-74
data
ADDED from src\main\AndroidManifest.xml:54:17-120
	android:host
		ADDED from src\main\AndroidManifest.xml:54:60-87
	android:scheme
		ADDED from src\main\AndroidManifest.xml:54:23-59
	android:pathPrefix
		ADDED from src\main\AndroidManifest.xml:54:88-118
service#com.android.NanoServer.NanoBluetoothLeService
ADDED from src\main\AndroidManifest.xml:58:9-65:19
	android:enabled
		ADDED from src\main\AndroidManifest.xml:59:6-28
	android:exported
		ADDED from src\main\AndroidManifest.xml:60:13-36
	android:name
		ADDED from src\main\AndroidManifest.xml:58:18-78
intent-filter#action:name:com.android.aidl.server+category:name:android.intent.category.DEFAULT
ADDED from src\main\AndroidManifest.xml:61:13-64:29
action#com.android.aidl.server
ADDED from src\main\AndroidManifest.xml:62:17-65
	android:name
		ADDED from src\main\AndroidManifest.xml:62:25-63
category#android.intent.category.DEFAULT
ADDED from src\main\AndroidManifest.xml:63:17-75
	android:name
		ADDED from src\main\AndroidManifest.xml:63:27-73
receiver#com.android.NanoServer.NanoBluetoothLeBroadcast
ADDED from src\main\AndroidManifest.xml:67:6-76:20
	android:enabled
		ADDED from src\main\AndroidManifest.xml:69:13-35
	android:exported
		ADDED from src\main\AndroidManifest.xml:70:13-36
	android:name
		ADDED from src\main\AndroidManifest.xml:68:13-75
intent-filter#action:name:android.action.nano.START+action:name:android.action.nano.STOP+action:name:android.intent.action.BOOT_COMPLETED
ADDED from src\main\AndroidManifest.xml:71:13-75:29
action#android.action.nano.START
ADDED from src\main\AndroidManifest.xml:72:17-67
	android:name
		ADDED from src\main\AndroidManifest.xml:72:25-65
action#android.action.nano.STOP
ADDED from src\main\AndroidManifest.xml:73:17-66
	android:name
		ADDED from src\main\AndroidManifest.xml:73:25-64
action#android.intent.action.BOOT_COMPLETED
ADDED from src\main\AndroidManifest.xml:74:17-78
	android:name
		ADDED from src\main\AndroidManifest.xml:74:25-76
uses-sdk
INJECTED from src\main\AndroidManifest.xml reason: use-sdk injection requested
INJECTED from src\main\AndroidManifest.xml
INJECTED from src\main\AndroidManifest.xml
MERGED from [:aidl] AndroidManifest.xml:7:5-9:41
MERGED from [:aidl] AndroidManifest.xml:7:5-9:41
MERGED from [com.android.support:appcompat-v7:27.1.1] AndroidManifest.xml:20:5-44
MERGED from [com.android.support:appcompat-v7:27.1.1] AndroidManifest.xml:20:5-44
MERGED from [com.android.support:support-fragment:27.1.1] AndroidManifest.xml:20:5-44
MERGED from [com.android.support:support-fragment:27.1.1] AndroidManifest.xml:20:5-44
MERGED from [com.android.support:animated-vector-drawable:27.1.1] AndroidManifest.xml:20:5-44
MERGED from [com.android.support:animated-vector-drawable:27.1.1] AndroidManifest.xml:20:5-44
MERGED from [com.android.support:support-core-ui:27.1.1] AndroidManifest.xml:20:5-44
MERGED from [com.android.support:support-core-ui:27.1.1] AndroidManifest.xml:20:5-44
MERGED from [com.android.support:support-core-utils:27.1.1] AndroidManifest.xml:20:5-44
MERGED from [com.android.support:support-core-utils:27.1.1] AndroidManifest.xml:20:5-44
MERGED from [com.android.support:support-vector-drawable:27.1.1] AndroidManifest.xml:20:5-44
MERGED from [com.android.support:support-vector-drawable:27.1.1] AndroidManifest.xml:20:5-44
MERGED from [com.android.support:support-compat:27.1.1] AndroidManifest.xml:20:5-44
MERGED from [com.android.support:support-compat:27.1.1] AndroidManifest.xml:20:5-44
MERGED from [android.arch.lifecycle:livedata-core:1.1.0] AndroidManifest.xml:20:5-44
MERGED from [android.arch.lifecycle:livedata-core:1.1.0] AndroidManifest.xml:20:5-44
MERGED from [android.arch.lifecycle:viewmodel:1.1.0] AndroidManifest.xml:20:5-44
MERGED from [android.arch.lifecycle:viewmodel:1.1.0] AndroidManifest.xml:20:5-44
MERGED from [android.arch.lifecycle:runtime:1.1.0] AndroidManifest.xml:20:5-44
MERGED from [android.arch.lifecycle:runtime:1.1.0] AndroidManifest.xml:20:5-44
MERGED from [android.arch.core:runtime:1.1.0] AndroidManifest.xml:20:5-44
MERGED from [android.arch.core:runtime:1.1.0] AndroidManifest.xml:20:5-44
INJECTED from src\main\AndroidManifest.xml
INJECTED from src\main\AndroidManifest.xml
	android:targetSdkVersion
		INJECTED from src\main\AndroidManifest.xml
		ADDED from src\main\AndroidManifest.xml
		INJECTED from src\main\AndroidManifest.xml
	android:minSdkVersion
		INJECTED from src\main\AndroidManifest.xml
		ADDED from src\main\AndroidManifest.xml
		INJECTED from src\main\AndroidManifest.xml